[2018-05-04 16:22:45 CST] <Thread-33>  INFO: Logging to file: E:\work_catalog\work_m_car_msg3\unpackage\release\com.app.delphi_0504162125.ipa_1805041622.log
[2018-05-04 16:22:45 CST] <Thread-33>  INFO: Logging configured successfully.
[2018-05-04 16:22:45 CST] <Thread-33>  INFO: iTMSTransporter : iTunes Store Transporter [1.9.8]
[2018-05-04 16:22:45 CST] <Thread-33>  INFO: OS identifier: Windows 10 10.0 (amd64); jvm=25.151-b12; jre=1.8.0_151-b12
[2018-05-04 16:22:45 CST] <Thread-33>  INFO: Memory: [JVM] 129M free, 245M total, 1799M max [System] (Physical) 3093M free, 8089M total (Swap) 9842M free, 18841M total
[2018-05-04 16:22:45 CST] <Thread-33>  INFO: Upload mode selected.
[2018-05-04 16:22:45 CST] <Thread-33>  INFO: Examining the package at: C:\Users\saigsf\AppData\Local\Temp\au\itmsp\1380524677.itmsp
[2018-05-04 16:22:45 CST] <Thread-33>  INFO: Ensuring that package has well formed metadata file...
[2018-05-04 16:22:45 CST] <Thread-33>  INFO: Gathering the list of valid files from the package ...
[2018-05-04 16:22:45 CST] <Thread-33>  INFO: Finished gathering the list of valid files from the package.
[2018-05-04 16:22:45 CST] <Thread-33>  INFO: Verify progress: Analyzing metadata (Step 3/?)
[2018-05-04 16:22:45 CST] <Thread-33>  INFO: Performing authentication of package 1380524677.itmsp ...
[2018-05-04 16:22:45 CST] <Thread-33>  INFO: Verify progress: Analyzing metadata (Step 4/2)
[2018-05-04 16:22:45 CST] <Thread-33>  INFO: id = 20180504162245-892
[2018-05-04 16:22:46 CST] <Thread-33>  INFO: id = 20180504162246-350
[2018-05-04 16:22:48 CST] <Thread-33>  INFO: The list of files requested for upload by Apple is: [metadata.xml, 1380524677.ipa].  These are the files that will be uploaded.
[2018-05-04 16:22:48 CST] <Thread-33>  INFO: Starting media analysis of assets
[2018-05-04 16:22:48 CST] <Thread-33>  INFO: Verify progress: Adding asset to analyze: 1380524677.ipa (Step 5/3)
[2018-05-04 16:22:48 CST] <Thread-33>  INFO: Asset media analysis has completed
[2018-05-04 16:22:48 CST] <Thread-33>  INFO: id = 20180504162248-385
[2018-05-04 16:22:57 CST] <Thread-33>  INFO: Verify progress: Validating assets (Step 6/3)
[2018-05-04 16:22:57 CST] <Thread-33>  INFO: Verify progress: Validating assets (Step 7/3)
[2018-05-04 16:22:57 CST] <Thread-33>  INFO: id = 20180504162257-846
[2018-05-04 16:23:09 CST] <Thread-33>  INFO: The list of files requested for upload by Apple is: [metadata.xml, 1380524677.ipa].  These are the files that will be uploaded.
[2018-05-04 16:23:09 CST] <Thread-33>  INFO: Done performing authentication.
[2018-05-04 16:23:09 CST] <Thread-33>  INFO: The asset replacement verification check is disabled.
[2018-05-04 16:23:09 CST] <Thread-33>  INFO: Checking the file size of the files: [1380524677.ipa]
[2018-05-04 16:23:09 CST] <Thread-33>  INFO: Done checking the file sizes.
[2018-05-04 16:23:09 CST] <Thread-33>  INFO: Checking the md5 checksum of the files: [1380524677.ipa]
[2018-05-04 16:23:09 CST] <Thread-33>  INFO: Done checking the md5 checksum.
[2018-05-04 16:23:09 CST] <Thread-33>  INFO: Preparing to upload package 1380524677.itmsp ...
[2018-05-04 16:23:09 CST] <Thread-33>  INFO: Starting to upload the package's files (1380524677.itmsp) ...
[2018-05-04 16:23:09 CST] <Thread-33>  INFO: Attempting to connect to Apple's webDAV...
[2018-05-04 16:23:10 CST] <Thread-33>  INFO: Successfully connected to Apple's webDAV.
[2018-05-04 16:23:10 CST] <Thread-33>  INFO: Attempting to create the package's folder on Apple's webDAV: /6/G6Q46R644B/uploading/1380524677-20180504012301-146.itmsp/
[2018-05-04 16:23:11 CST] <Thread-33>  INFO: Successfully created/set the package's folder on Apple's webDAV.
[2018-05-04 16:23:11 CST] <Thread-33>  INFO: Determining which files should be uploaded ...
[2018-05-04 16:23:11 CST] <Thread-33>  INFO: Finished determining which files should be uploaded.
[2018-05-04 16:23:11 CST] <Thread-33>  INFO: Computing total size of files to upload ...
[2018-05-04 16:23:11 CST] <Thread-33>  INFO: Done computing total size of files to upload.
[2018-05-04 16:23:11 CST] <Thread-33>  INFO: Starting upload of file: C:\Users\saigsf\AppData\Local\Temp\au\itmsp\1380524677.itmsp\1380524677.ipa ...
[2018-05-04 16:24:12 CST] <Thread-33>  INFO:      File: 1380524677.ipa 10485760/15320541, 68% completed
[2018-05-04 16:24:47 CST] <Thread-33>  INFO:      File: 1380524677.ipa 15320541/15320541, 100% completed
[2018-05-04 16:24:47 CST] <Thread-33>  INFO:   Successfully uploaded file: C:\Users\saigsf\AppData\Local\Temp\au\itmsp\1380524677.itmsp\1380524677.ipa
[2018-05-04 16:24:47 CST] <Thread-33>  INFO: Package upload progress: 99% completed
[2018-05-04 16:24:47 CST] <Thread-33>  INFO: Finished upload of file: C:\Users\saigsf\AppData\Local\Temp\au\itmsp\1380524677.itmsp\1380524677.ipa.
[2018-05-04 16:24:47 CST] <Thread-33>  INFO: Starting upload of file: C:\Users\saigsf\AppData\Local\Temp\au\itmsp\1380524677.itmsp\metadata.xml ...
[2018-05-04 16:24:48 CST] <Thread-33>  INFO:      File: metadata.xml 521/521, 100% completed
[2018-05-04 16:24:48 CST] <Thread-33>  INFO:   Successfully uploaded file: C:\Users\saigsf\AppData\Local\Temp\au\itmsp\1380524677.itmsp\metadata.xml
[2018-05-04 16:24:48 CST] <Thread-33>  INFO: Package upload progress: 100% completed
[2018-05-04 16:24:48 CST] <Thread-33>  INFO: Finished upload of file: C:\Users\saigsf\AppData\Local\Temp\au\itmsp\1380524677.itmsp\metadata.xml.
[2018-05-04 16:24:48 CST] <Thread-33>  INFO: Gathering list of uploaded files from Apple's webDAV...
[2018-05-04 16:24:49 CST] <Thread-33>  INFO: Done gathering list of uploaded files from Apple's webDAV...
[2018-05-04 16:24:49 CST] <Thread-33>  INFO: Checking if any encryption/compression files are outdated locally ...
[2018-05-04 16:24:49 CST] <Thread-33>  INFO: Finished checking if any encryption/compression files are outdated locally.
[2018-05-04 16:24:49 CST] <Thread-33>  INFO: Confirming that the previously uploaded files were uploaded correctly ...
[2018-05-04 16:24:49 CST] <Thread-33>  INFO: Finished confirming that the previously uploaded files were uploaded correctly.
[2018-05-04 16:24:49 CST] <Thread-33>  INFO: Determining which files were not uploaded ...
[2018-05-04 16:24:49 CST] <Thread-33>  INFO: Finished determining which files were not uploaded.
[2018-05-04 16:24:49 CST] <Thread-33>  INFO: Done performing upload.
[2018-05-04 16:24:49 CST] <Thread-33>  INFO: id = 20180504162449-545
[2018-05-04 16:24:51 CST] <Thread-33>  INFO: Done performing uploadDone notification to Apple.
[2018-05-04 16:24:51 CST] <Thread-33>  INFO: The package: C:\Users\saigsf\AppData\Local\Temp\au\itmsp\1380524677.itmsp has been successfully uploaded.
[2018-05-04 16:24:51 CST] <Thread-33>  INFO: Verify progress: Operation completed (Step 3/3)



Package Summary:
 
1 packages were uploaded successfully:
	C:\Users\saigsf\AppData\Local\Temp\au\itmsp\1380524677.itmsp
