[2018-05-04 16:29:53 CST] <Thread-9>  INFO: Logging to file: E:\work_catalog\work_m_car_msg3\unpackage\release\com.app.delphi_0504162125.ipa_1805041629.log
[2018-05-04 16:29:53 CST] <Thread-9>  INFO: Logging configured successfully.
[2018-05-04 16:29:54 CST] <Thread-9>  INFO: iTMSTransporter : iTunes Store Transporter [1.9.8]
[2018-05-04 16:29:54 CST] <Thread-9>  INFO: OS identifier: Windows 10 10.0 (amd64); jvm=25.151-b12; jre=1.8.0_151-b12
[2018-05-04 16:29:54 CST] <Thread-9>  INFO: Memory: [JVM] 123M free, 172M total, 1799M max [System] (Physical) 3015M free, 8089M total (Swap) 10049M free, 18841M total
[2018-05-04 16:29:54 CST] <Thread-9>  INFO: Upload mode selected.
[2018-05-04 16:29:54 CST] <Thread-9>  INFO: Examining the package at: C:\Users\saigsf\AppData\Local\Temp\au\itmsp\1380524677.itmsp
[2018-05-04 16:29:54 CST] <Thread-9>  INFO: Ensuring that package has well formed metadata file...
[2018-05-04 16:29:54 CST] <Thread-9>  INFO: Gathering the list of valid files from the package ...
[2018-05-04 16:29:54 CST] <Thread-9>  INFO: Finished gathering the list of valid files from the package.
[2018-05-04 16:29:54 CST] <Thread-9>  INFO: Verify progress: Analyzing metadata (Step 0/?)
[2018-05-04 16:29:54 CST] <Thread-9>  INFO: Performing authentication of package 1380524677.itmsp ...
[2018-05-04 16:29:54 CST] <Thread-9>  INFO: Verify progress: Analyzing metadata (Step 1/2)
[2018-05-04 16:29:54 CST] <Thread-9>  INFO: id = 20180504162954-362
[2018-05-04 16:29:55 CST] <Thread-9>  INFO: id = 20180504162955-579
[2018-05-04 16:29:57 CST] <Thread-9> ERROR: ERROR ITMS-4238: "Redundant Binary Upload. You’ve already uploaded a build with build number '83' for version number '1.0.6'. Make sure you increment the build string before you upload your app to iTunes Connect. Learn more in Xcode Help (http://help.apple.com/xcode/mac/current/#/devba7f53ad4)" at SoftwareAssets/PreReleaseSoftwareAsset
[2018-05-04 16:29:57 CST] <Thread-9>  INFO: Verify progress: Operation failed (Step 2/2)



Package Summary:
 
1 package(s) were not uploaded because they had problems:
	C:\Users\saigsf\AppData\Local\Temp\au\itmsp\1380524677.itmsp - Error Messages:
		ERROR ITMS-4238: "Redundant Binary Upload. You’ve already uploaded a build with build number '83' for version number '1.0.6'. Make sure you increment the build string before you upload your app to iTunes Connect. Learn more in Xcode Help (http://help.apple.com/xcode/mac/current/#/devba7f53ad4)" at SoftwareAssets/PreReleaseSoftwareAsset
[2018-05-04 17:18:17 CST] <Thread-12> Invalid cookie header: "Set-Cookie: dqsid=eyJ0eXAiOiJKV1QiLCJhbGciOiJIUzI1NiJ9.eyJqdGkiOiJuVVRJRVVLd1VJa1lxcS1hbzhzSHB3In0.ElriQ8gPiYYnBaAlVB5ae56z3pBg268jq0djPWV79P4; Max-Age=1800; Expires=Fri, 04 May 2018 09:48:17 GMT; Path=/; Secure; HTTPOnly". Invalid 'expires' attribute: Fri, 04 May 2018 09:48:17 GMT
[2018-05-04 17:18:17 CST] <Thread-12> list apps success
