[2018-05-07 10:03:55 CST] <Thread-17>  INFO: Logging to file: E:\work_catalog\work_m_car_msg3\unpackage\release\com.app.delphi_0504182157.ipa_1805071003.log
[2018-05-07 10:03:55 CST] <Thread-17>  INFO: Logging configured successfully.
[2018-05-07 10:03:55 CST] <Thread-17>  INFO: iTMSTransporter : iTunes Store Transporter [1.9.8]
[2018-05-07 10:03:55 CST] <Thread-17>  INFO: OS identifier: Windows 10 10.0 (amd64); jvm=25.151-b12; jre=1.8.0_151-b12
[2018-05-07 10:03:55 CST] <Thread-17>  INFO: Memory: [JVM] 117M free, 225M total, 1799M max [System] (Physical) 3479M free, 8089M total (Swap) 12370M free, 18841M total
[2018-05-07 10:03:55 CST] <Thread-17>  INFO: Upload mode selected.
[2018-05-07 10:03:55 CST] <Thread-17>  INFO: Examining the package at: C:\Users\saigsf\AppData\Local\Temp\au\itmsp\1380524677.itmsp
[2018-05-07 10:03:55 CST] <Thread-17>  INFO: Ensuring that package has well formed metadata file...
[2018-05-07 10:03:55 CST] <Thread-17>  INFO: Gathering the list of valid files from the package ...
[2018-05-07 10:03:55 CST] <Thread-17>  INFO: Finished gathering the list of valid files from the package.
[2018-05-07 10:03:55 CST] <Thread-17>  INFO: Verify progress: Analyzing metadata (Step 3/?)
[2018-05-07 10:03:55 CST] <Thread-17>  INFO: Performing authentication of package 1380524677.itmsp ...
[2018-05-07 10:03:55 CST] <Thread-17>  INFO: Verify progress: Analyzing metadata (Step 4/2)
[2018-05-07 10:03:55 CST] <Thread-17>  INFO: id = 20180507100355-049
[2018-05-07 10:03:56 CST] <Thread-17>  INFO: id = 20180507100356-826
[2018-05-07 10:03:58 CST] <Thread-17>  INFO: The list of files requested for upload by Apple is: [metadata.xml, 1380524677.ipa].  These are the files that will be uploaded.
[2018-05-07 10:03:58 CST] <Thread-17>  INFO: Starting media analysis of assets
[2018-05-07 10:03:58 CST] <Thread-17>  INFO: Verify progress: Adding asset to analyze: 1380524677.ipa (Step 5/3)
[2018-05-07 10:03:58 CST] <Thread-17>  INFO: Asset media analysis has completed
[2018-05-07 10:03:58 CST] <Thread-17>  INFO: id = 20180507100358-505
[2018-05-07 10:04:04 CST] <Thread-17>  INFO: Verify progress: Validating assets (Step 6/3)
[2018-05-07 10:04:04 CST] <Thread-17>  INFO: Verify progress: Validating assets (Step 7/3)
[2018-05-07 10:04:04 CST] <Thread-17>  INFO: id = 20180507100404-308
[2018-05-07 10:04:13 CST] <Thread-17>  INFO: The list of files requested for upload by Apple is: [metadata.xml, 1380524677.ipa].  These are the files that will be uploaded.
[2018-05-07 10:04:13 CST] <Thread-17>  INFO: Done performing authentication.
[2018-05-07 10:04:13 CST] <Thread-17>  INFO: The asset replacement verification check is disabled.
[2018-05-07 10:04:13 CST] <Thread-17>  INFO: Checking the file size of the files: [1380524677.ipa]
[2018-05-07 10:04:13 CST] <Thread-17>  INFO: Done checking the file sizes.
[2018-05-07 10:04:13 CST] <Thread-17>  INFO: Checking the md5 checksum of the files: [1380524677.ipa]
[2018-05-07 10:04:13 CST] <Thread-17>  INFO: Done checking the md5 checksum.
[2018-05-07 10:04:13 CST] <Thread-17>  INFO: Preparing to upload package 1380524677.itmsp ...
[2018-05-07 10:04:13 CST] <Thread-17>  INFO: Starting to upload the package's files (1380524677.itmsp) ...
[2018-05-07 10:04:13 CST] <Thread-17>  INFO: Attempting to connect to Apple's webDAV...
[2018-05-07 10:04:14 CST] <Thread-17>  INFO: Successfully connected to Apple's webDAV.
[2018-05-07 10:04:14 CST] <Thread-17>  INFO: Attempting to create the package's folder on Apple's webDAV: /5/G6Q46R644B/uploading/1380524677-20180506190407-200.itmsp/
[2018-05-07 10:04:14 CST] <Thread-17>  INFO: Successfully created/set the package's folder on Apple's webDAV.
[2018-05-07 10:04:14 CST] <Thread-17>  INFO: Determining which files should be uploaded ...
[2018-05-07 10:04:14 CST] <Thread-17>  INFO: Finished determining which files should be uploaded.
[2018-05-07 10:04:14 CST] <Thread-17>  INFO: Computing total size of files to upload ...
[2018-05-07 10:04:14 CST] <Thread-17>  INFO: Done computing total size of files to upload.
[2018-05-07 10:04:14 CST] <Thread-17>  INFO: Starting upload of file: C:\Users\saigsf\AppData\Local\Temp\au\itmsp\1380524677.itmsp\1380524677.ipa ...
[2018-05-07 10:04:30 CST] <Thread-17>  INFO:      File: 1380524677.ipa 10485760/12683621, 82% completed
[2018-05-07 10:04:31 CST] <Thread-17>  INFO:      File: 1380524677.ipa 12683621/12683621, 100% completed
[2018-05-07 10:04:31 CST] <Thread-17>  INFO:   Successfully uploaded file: C:\Users\saigsf\AppData\Local\Temp\au\itmsp\1380524677.itmsp\1380524677.ipa
[2018-05-07 10:04:32 CST] <Thread-17>  INFO: Package upload progress: 99% completed
[2018-05-07 10:04:32 CST] <Thread-17>  INFO: Finished upload of file: C:\Users\saigsf\AppData\Local\Temp\au\itmsp\1380524677.itmsp\1380524677.ipa.
[2018-05-07 10:04:32 CST] <Thread-17>  INFO: Starting upload of file: C:\Users\saigsf\AppData\Local\Temp\au\itmsp\1380524677.itmsp\metadata.xml ...
[2018-05-07 10:04:32 CST] <Thread-17>  INFO:      File: metadata.xml 521/521, 100% completed
[2018-05-07 10:04:32 CST] <Thread-17>  INFO:   Successfully uploaded file: C:\Users\saigsf\AppData\Local\Temp\au\itmsp\1380524677.itmsp\metadata.xml
[2018-05-07 10:04:33 CST] <Thread-17>  INFO: Package upload progress: 100% completed
[2018-05-07 10:04:33 CST] <Thread-17>  INFO: Finished upload of file: C:\Users\saigsf\AppData\Local\Temp\au\itmsp\1380524677.itmsp\metadata.xml.
[2018-05-07 10:04:33 CST] <Thread-17>  INFO: Gathering list of uploaded files from Apple's webDAV...
[2018-05-07 10:04:33 CST] <Thread-17>  INFO: Done gathering list of uploaded files from Apple's webDAV...
[2018-05-07 10:04:33 CST] <Thread-17>  INFO: Checking if any encryption/compression files are outdated locally ...
[2018-05-07 10:04:33 CST] <Thread-17>  INFO: Finished checking if any encryption/compression files are outdated locally.
[2018-05-07 10:04:33 CST] <Thread-17>  INFO: Confirming that the previously uploaded files were uploaded correctly ...
[2018-05-07 10:04:33 CST] <Thread-17>  INFO: Finished confirming that the previously uploaded files were uploaded correctly.
[2018-05-07 10:04:33 CST] <Thread-17>  INFO: Determining which files were not uploaded ...
[2018-05-07 10:04:33 CST] <Thread-17>  INFO: Finished determining which files were not uploaded.
[2018-05-07 10:04:33 CST] <Thread-17>  INFO: Done performing upload.
[2018-05-07 10:04:33 CST] <Thread-17>  INFO: id = 20180507100433-232
[2018-05-07 10:04:35 CST] <Thread-17>  INFO: Done performing uploadDone notification to Apple.
[2018-05-07 10:04:35 CST] <Thread-17>  INFO: The package: C:\Users\saigsf\AppData\Local\Temp\au\itmsp\1380524677.itmsp has been successfully uploaded.
[2018-05-07 10:04:35 CST] <Thread-17>  INFO: Verify progress: Operation completed (Step 3/3)



Package Summary:
 
1 packages were uploaded successfully:
	C:\Users\saigsf\AppData\Local\Temp\au\itmsp\1380524677.itmsp
[2018-05-07 10:50:25 CST] <Thread-19> Invalid cookie header: "Set-Cookie: dqsid=eyJ0eXAiOiJKV1QiLCJhbGciOiJIUzI1NiJ9.eyJqdGkiOiJwXzdVZVkyMHNiTjdUVk9mTGpkdGR3In0.dPOoVG_sZDd-EHu50zzbjw7mSuUaZGAOZ037xF8ABpM; Max-Age=1800; Expires=Mon, 07 May 2018 03:20:24 GMT; Path=/; Secure; HTTPOnly". Invalid 'expires' attribute: Mon, 07 May 2018 03:20:24 GMT
[2018-05-07 10:50:25 CST] <Thread-19> list apps success
