[2018-05-07 10:50:26 CST] <Thread-20>  INFO: Logging to file: E:\work_catalog\work_m_car_msg3\unpackage\release\H54F76A3F_0507104631.ipa_1805071050.log
[2018-05-07 10:50:26 CST] <Thread-20>  INFO: Logging configured successfully.
[2018-05-07 10:50:26 CST] <Thread-20>  INFO: iTMSTransporter : iTunes Store Transporter [1.9.8]
[2018-05-07 10:50:26 CST] <Thread-20>  INFO: OS identifier: Windows 10 10.0 (amd64); jvm=25.151-b12; jre=1.8.0_151-b12
[2018-05-07 10:50:26 CST] <Thread-20>  INFO: Memory: [JVM] 176M free, 242M total, 1799M max [System] (Physical) 2873M free, 8089M total (Swap) 11409M free, 18841M total
[2018-05-07 10:50:26 CST] <Thread-20>  INFO: Upload mode selected.
[2018-05-07 10:50:26 CST] <Thread-20>  INFO: Examining the package at: C:\Users\saigsf\AppData\Local\Temp\au\itmsp\1380524677.itmsp
[2018-05-07 10:50:26 CST] <Thread-20>  INFO: Ensuring that package has well formed metadata file...
[2018-05-07 10:50:26 CST] <Thread-20>  INFO: Gathering the list of valid files from the package ...
[2018-05-07 10:50:26 CST] <Thread-20>  INFO: Finished gathering the list of valid files from the package.
[2018-05-07 10:50:26 CST] <Thread-20>  INFO: Verify progress: Analyzing metadata (Step 3/?)
[2018-05-07 10:50:26 CST] <Thread-20>  INFO: Performing authentication of package 1380524677.itmsp ...
[2018-05-07 10:50:26 CST] <Thread-20>  INFO: Verify progress: Analyzing metadata (Step 4/2)
[2018-05-07 10:50:26 CST] <Thread-20>  INFO: id = 20180507105026-923
[2018-05-07 10:50:27 CST] <Thread-20>  INFO: id = 20180507105027-774
[2018-05-07 10:50:29 CST] <Thread-20>  INFO: The list of files requested for upload by Apple is: [metadata.xml, 1380524677.ipa].  These are the files that will be uploaded.
[2018-05-07 10:50:29 CST] <Thread-20>  INFO: Starting media analysis of assets
[2018-05-07 10:50:29 CST] <Thread-20>  INFO: Verify progress: Adding asset to analyze: 1380524677.ipa (Step 5/3)
[2018-05-07 10:50:29 CST] <Thread-20>  INFO: Asset media analysis has completed
[2018-05-07 10:50:29 CST] <Thread-20>  INFO: id = 20180507105029-788
[2018-05-07 10:50:36 CST] <Thread-20>  INFO: Verify progress: Validating assets (Step 6/3)
[2018-05-07 10:50:36 CST] <Thread-20>  INFO: Verify progress: Validating assets (Step 7/3)
[2018-05-07 10:50:36 CST] <Thread-20>  INFO: id = 20180507105036-167
[2018-05-07 10:50:44 CST] <Thread-20>  INFO: The list of files requested for upload by Apple is: [metadata.xml, 1380524677.ipa].  These are the files that will be uploaded.
[2018-05-07 10:50:44 CST] <Thread-20>  INFO: Done performing authentication.
[2018-05-07 10:50:44 CST] <Thread-20>  INFO: The asset replacement verification check is disabled.
[2018-05-07 10:50:44 CST] <Thread-20>  INFO: Checking the file size of the files: [1380524677.ipa]
[2018-05-07 10:50:44 CST] <Thread-20>  INFO: Done checking the file sizes.
[2018-05-07 10:50:44 CST] <Thread-20>  INFO: Checking the md5 checksum of the files: [1380524677.ipa]
[2018-05-07 10:50:44 CST] <Thread-20>  INFO: Done checking the md5 checksum.
[2018-05-07 10:50:44 CST] <Thread-20>  INFO: Preparing to upload package 1380524677.itmsp ...
[2018-05-07 10:50:44 CST] <Thread-20>  INFO: Starting to upload the package's files (1380524677.itmsp) ...
[2018-05-07 10:50:44 CST] <Thread-20>  INFO: Attempting to connect to Apple's webDAV...
[2018-05-07 10:50:45 CST] <Thread-20>  INFO: Successfully connected to Apple's webDAV.
[2018-05-07 10:50:45 CST] <Thread-20>  INFO: Attempting to create the package's folder on Apple's webDAV: /5/G6Q46R644B/uploading/1380524677-20180506195039-044.itmsp/
[2018-05-07 10:50:45 CST] <Thread-20>  INFO: Successfully created/set the package's folder on Apple's webDAV.
[2018-05-07 10:50:45 CST] <Thread-20>  INFO: Determining which files should be uploaded ...
[2018-05-07 10:50:45 CST] <Thread-20>  INFO: Finished determining which files should be uploaded.
[2018-05-07 10:50:45 CST] <Thread-20>  INFO: Computing total size of files to upload ...
[2018-05-07 10:50:45 CST] <Thread-20>  INFO: Done computing total size of files to upload.
[2018-05-07 10:50:46 CST] <Thread-20>  INFO: Starting upload of file: C:\Users\saigsf\AppData\Local\Temp\au\itmsp\1380524677.itmsp\1380524677.ipa ...
[2018-05-07 10:50:54 CST] <Thread-20>  INFO:      File: 1380524677.ipa 10485760/12675502, 82% completed
[2018-05-07 10:51:12 CST] <Thread-20>  INFO:      File: 1380524677.ipa 12675502/12675502, 100% completed
[2018-05-07 10:51:12 CST] <Thread-20>  INFO:   Successfully uploaded file: C:\Users\saigsf\AppData\Local\Temp\au\itmsp\1380524677.itmsp\1380524677.ipa
[2018-05-07 10:51:13 CST] <Thread-20>  INFO: Package upload progress: 99% completed
[2018-05-07 10:51:13 CST] <Thread-20>  INFO: Finished upload of file: C:\Users\saigsf\AppData\Local\Temp\au\itmsp\1380524677.itmsp\1380524677.ipa.
[2018-05-07 10:51:13 CST] <Thread-20>  INFO: Starting upload of file: C:\Users\saigsf\AppData\Local\Temp\au\itmsp\1380524677.itmsp\metadata.xml ...
[2018-05-07 10:51:13 CST] <Thread-20>  INFO:      File: metadata.xml 521/521, 100% completed
[2018-05-07 10:51:13 CST] <Thread-20>  INFO:   Successfully uploaded file: C:\Users\saigsf\AppData\Local\Temp\au\itmsp\1380524677.itmsp\metadata.xml
[2018-05-07 10:51:13 CST] <Thread-20>  INFO: Package upload progress: 100% completed
[2018-05-07 10:51:13 CST] <Thread-20>  INFO: Finished upload of file: C:\Users\saigsf\AppData\Local\Temp\au\itmsp\1380524677.itmsp\metadata.xml.
[2018-05-07 10:51:13 CST] <Thread-20>  INFO: Gathering list of uploaded files from Apple's webDAV...
[2018-05-07 10:51:14 CST] <Thread-20>  INFO: Done gathering list of uploaded files from Apple's webDAV...
[2018-05-07 10:51:14 CST] <Thread-20>  INFO: Checking if any encryption/compression files are outdated locally ...
[2018-05-07 10:51:14 CST] <Thread-20>  INFO: Finished checking if any encryption/compression files are outdated locally.
[2018-05-07 10:51:14 CST] <Thread-20>  INFO: Confirming that the previously uploaded files were uploaded correctly ...
[2018-05-07 10:51:14 CST] <Thread-20>  INFO: Finished confirming that the previously uploaded files were uploaded correctly.
[2018-05-07 10:51:14 CST] <Thread-20>  INFO: Determining which files were not uploaded ...
[2018-05-07 10:51:14 CST] <Thread-20>  INFO: Finished determining which files were not uploaded.
[2018-05-07 10:51:14 CST] <Thread-20>  INFO: Done performing upload.
[2018-05-07 10:51:14 CST] <Thread-20>  INFO: id = 20180507105114-713
[2018-05-07 10:51:16 CST] <Thread-20>  INFO: Done performing uploadDone notification to Apple.
[2018-05-07 10:51:16 CST] <Thread-20>  INFO: The package: C:\Users\saigsf\AppData\Local\Temp\au\itmsp\1380524677.itmsp has been successfully uploaded.
[2018-05-07 10:51:16 CST] <Thread-20>  INFO: Verify progress: Operation completed (Step 3/3)



Package Summary:
 
1 packages were uploaded successfully:
	C:\Users\saigsf\AppData\Local\Temp\au\itmsp\1380524677.itmsp
